\BOOKMARK [0][-]{chapter*.1}{Lista de figuras}{}% 1
\BOOKMARK [0][-]{chapter*.2}{Lista de tablas}{}% 2
\BOOKMARK [0][-]{chapter.1}{Introducci\363n}{}% 3
\BOOKMARK [1][-]{section.1.1}{Antecedentes}{chapter.1}% 4
\BOOKMARK [1][-]{section.1.2}{Planteamiento del problema}{chapter.1}% 5
\BOOKMARK [1][-]{section.1.3}{Propuesta de soluci\363n}{chapter.1}% 6
\BOOKMARK [1][-]{section.1.4}{Justificaci\363n}{chapter.1}% 7
\BOOKMARK [1][-]{section.1.5}{Objetivos}{chapter.1}% 8
\BOOKMARK [2][-]{subsection.1.5.1}{Objetivo General}{section.1.5}% 9
\BOOKMARK [2][-]{subsection.1.5.2}{Objetivos Particulares}{section.1.5}% 10
\BOOKMARK [0][-]{chapter.2}{Marco te\363rico}{}% 11
\BOOKMARK [1][-]{section.2.1}{Estado del arte}{chapter.2}% 12
\BOOKMARK [1][-]{section.2.2}{Imagen}{chapter.2}% 13
\BOOKMARK [1][-]{section.2.3}{Im\341genes m\351dicas}{chapter.2}% 14
\BOOKMARK [1][-]{section.2.4}{Tomograf\355a computarizada}{chapter.2}% 15
\BOOKMARK [1][-]{section.2.5}{DICOM}{chapter.2}% 16
\BOOKMARK [1][-]{section.2.6}{Escala de Hounsfield}{chapter.2}% 17
\BOOKMARK [1][-]{section.2.7}{Segmentaci\363n}{chapter.2}% 18
\BOOKMARK [2][-]{subsection.2.7.1}{Umbralizaci\363n}{section.2.7}% 19
\BOOKMARK [2][-]{subsection.2.7.2}{Regi\363n creciente}{section.2.7}% 20
\BOOKMARK [1][-]{section.2.8}{Clasificadores}{chapter.2}% 21
\BOOKMARK [1][-]{section.2.9}{Clustering}{chapter.2}% 22
\BOOKMARK [0][-]{chapter.3}{An\341lisis}{}% 23
\BOOKMARK [1][-]{section.3.1}{Comparaci\363n de software}{chapter.3}% 24
\BOOKMARK [2][-]{subsection.3.1.1}{Sistemas operativos}{section.3.1}% 25
\BOOKMARK [2][-]{subsection.3.1.2}{Lenguajes de programaci\363n}{section.3.1}% 26
\BOOKMARK [2][-]{subsection.3.1.3}{Elecci\363n de librer\355as}{section.3.1}% 27
\BOOKMARK [1][-]{section.3.2}{Elecci\363n de herramientas para el desarrollo}{chapter.3}% 28
\BOOKMARK [2][-]{subsection.3.2.1}{Software}{section.3.2}% 29
\BOOKMARK [2][-]{subsection.3.2.2}{Metodolog\355a}{section.3.2}% 30
\BOOKMARK [2][-]{subsection.3.2.3}{Hardware}{section.3.2}% 31
\BOOKMARK [1][-]{section.3.3}{An\341lisis de factibilidad}{chapter.3}% 32
\BOOKMARK [1][-]{section.3.4}{Plan de manejo de riesgos}{chapter.3}% 33
\BOOKMARK [2][-]{subsection.3.4.1}{Identificaci\363n de riesgos}{section.3.4}% 34
\BOOKMARK [2][-]{subsection.3.4.2}{An\341lisis del riesgo}{section.3.4}% 35
\BOOKMARK [2][-]{subsection.3.4.3}{Plan de contenci\363n de riesgos}{section.3.4}% 36
\BOOKMARK [1][-]{section.3.5}{Definici\363n de requerimientos del sistema}{chapter.3}% 37
\BOOKMARK [2][-]{subsection.3.5.1}{Requerimientos funcionales}{section.3.5}% 38
\BOOKMARK [2][-]{subsection.3.5.2}{Requerimientos no funcionales}{section.3.5}% 39
\BOOKMARK [0][-]{chapter.4}{Dise\361o del sistema}{}% 40
\BOOKMARK [1][-]{section.4.1}{Arquitectura del sistema}{chapter.4}% 41
\BOOKMARK [1][-]{section.4.2}{Casos de uso}{chapter.4}% 42
\BOOKMARK [2][-]{subsection.4.2.1}{Caso de uso general}{section.4.2}% 43
\BOOKMARK [2][-]{subsection.4.2.2}{Caso de uso seleccionar archivo}{section.4.2}% 44
\BOOKMARK [2][-]{subsection.4.2.3}{Caso de uso ver tomograf\355a}{section.4.2}% 45
\BOOKMARK [2][-]{subsection.4.2.4}{Caso de uso seleccionar regiones}{section.4.2}% 46
\BOOKMARK [2][-]{subsection.4.2.5}{Caso de uso seleccionar tratamiento}{section.4.2}% 47
\BOOKMARK [2][-]{subsection.4.2.6}{Caso de uso ir a tomograf\355a original}{section.4.2}% 48
\BOOKMARK [2][-]{subsection.4.2.7}{Caso de uso exportar tomograf\355a}{section.4.2}% 49
\BOOKMARK [1][-]{section.4.3}{Descripci\363n de casos de uso}{chapter.4}% 50
\BOOKMARK [2][-]{subsection.4.3.1}{Caso de uso seleccionar archivos}{section.4.3}% 51
\BOOKMARK [2][-]{subsection.4.3.2}{Caso de uso ver tomgraf\355a}{section.4.3}% 52
\BOOKMARK [2][-]{subsection.4.3.3}{Caso de uso seleccionar regi\363n}{section.4.3}% 53
\BOOKMARK [2][-]{subsection.4.3.4}{Caso de uso seleccionar tratamiento}{section.4.3}% 54
\BOOKMARK [2][-]{subsection.4.3.5}{Caso de uso seleccionar t\351cnica de segmetaci\363n}{section.4.3}% 55
\BOOKMARK [2][-]{subsection.4.3.6}{Caso de uso seleccionar t\351cnica de clasificaci\363n}{section.4.3}% 56
\BOOKMARK [2][-]{subsection.4.3.7}{Caso de uso seleccionar t\351cnica de an\341lisis}{section.4.3}% 57
\BOOKMARK [2][-]{subsection.4.3.8}{Caso de uso seleccionar ir a tomograf\355a original}{section.4.3}% 58
\BOOKMARK [2][-]{subsection.4.3.9}{Caso de uso seleccionar exportar tomograf\355a}{section.4.3}% 59
\BOOKMARK [1][-]{section.4.4}{Diagramas de secuencia}{chapter.4}% 60
\BOOKMARK [2][-]{subsection.4.4.1}{Secuencia: Seleccionar archivos}{section.4.4}% 61
\BOOKMARK [2][-]{subsection.4.4.2}{Secuencia: Ver tomograf\355a}{section.4.4}% 62
\BOOKMARK [2][-]{subsection.4.4.3}{Secuencia: Seleccionar regiones}{section.4.4}% 63
\BOOKMARK [2][-]{subsection.4.4.4}{Secuencia: Seleccionar tratamiento}{section.4.4}% 64
\BOOKMARK [2][-]{subsection.4.4.5}{Secuencia: Seleccionar t\351cnica de segmentaci\363n}{section.4.4}% 65
\BOOKMARK [2][-]{subsection.4.4.6}{Secuencia: Seleccionar t\351cnica de clasificaci\363n}{section.4.4}% 66
\BOOKMARK [2][-]{subsection.4.4.7}{Secuencia: Seleccionar t\351cnica de an\341lisis}{section.4.4}% 67
\BOOKMARK [2][-]{subsection.4.4.8}{Secuencia: Ir a tomograf\355a original}{section.4.4}% 68
\BOOKMARK [2][-]{subsection.4.4.9}{Secuencia: Exportar tomograf\355a}{section.4.4}% 69
\BOOKMARK [0][-]{chapter.5}{Avances}{}% 70
\BOOKMARK [1][-]{section.5.1}{Decodificaci\363n DICOM}{chapter.5}% 71
\BOOKMARK [1][-]{section.5.2}{Visualizaci\363n}{chapter.5}% 72
\BOOKMARK [1][-]{section.5.3}{Tratamiento de imagen}{chapter.5}% 73
